Rocket Design Automation Log
===========================

[2025-04-13 13:08:01] Starting rocket design automation
[2025-04-13 13:08:01] Setting up FreeCAD environment...
[2025-04-13 13:08:01] Detected platform: windows
[2025-04-13 13:08:01] Added FreeCAD path: C:/Program Files/FreeCAD 1.0/bin
[2025-04-13 13:08:01] Current Python version: 3.11.9
[2025-04-13 13:08:01] Successfully imported FreeCAD module
[2025-04-13 13:08:01] FreeCAD version: ['1', '0', '0', '39109 (Git)', 'https://github.com/FreeCAD/FreeCAD', '2024/11/18 16:48:00', '(HEAD detached at 1.0.0)', '2fcc5317fe3aee96ca73475986a577719fc78e20']
[2025-04-13 13:08:01] Reading specifications from CSV: leo_rocket_20250413_130753.csv
[2025-04-13 13:08:01] Successfully read 9 components from CSV
[2025-04-13 13:08:01] Created new document: Rocket_20250413_130801
[2025-04-13 13:08:01] Creating component: Payload Fairing, Type: cone
[2025-04-13 13:08:01] Creating component: Upper Stage Body, Type: tube
[2025-04-13 13:08:01] Creating component: Upper Stage Engine Section, Type: tube
[2025-04-13 13:08:01] Creating component: Upper Stage Nozzle, Type: cone
[2025-04-13 13:08:01] Creating component: Interstage 0/1, Type: cone
[2025-04-13 13:08:01] Creating component: First Stage Body, Type: tube
[2025-04-13 13:08:01] Creating component: First Stage Engine Section, Type: tube
[2025-04-13 13:08:01] Creating component: First Stage Nozzle, Type: cone
[2025-04-13 13:08:01] Creating component: First Stage Fins, Type: fins
[2025-04-13 13:08:01] Successfully created 9 components
[2025-04-13 13:08:01] Created output directory: C:\Users\Isaia\OneDrive\Documents\Coding\RocketDesign\rocket_design\output
[2025-04-13 13:08:01] Saved FreeCAD document to: C:\Users\Isaia\OneDrive\Documents\Coding\RocketDesign\rocket_design\output\Rocket_20250413_130801.FCStd
[2025-04-13 13:08:01] Exported to STEP file: C:\Users\Isaia\OneDrive\Documents\Coding\RocketDesign\rocket_design\output\Rocket_20250413_130801.step
[2025-04-13 13:08:01] Exported to STL file: C:\Users\Isaia\OneDrive\Documents\Coding\RocketDesign\rocket_design\output\Rocket_20250413_130801.stl
[2025-04-13 13:08:01] Rocket design automation completed successfully!
[2025-04-13 13:08:01] See output files in: C:\Users\Isaia\OneDrive\Documents\Coding\RocketDesign\rocket_design\output
